<?xml version="1.0" encoding="UTF-8"?>
<testng-results ignored="0" total="1" passed="1" failed="0" skipped="0">
  <reporter-output>
  </reporter-output>
  <suite started-at="2022-02-12T10:58:32 AST" name="Default Suite" finished-at="2022-02-12T10:58:32 AST" duration-ms="36">
    <groups>
    </groups>
    <test started-at="2022-02-12T10:58:32 AST" name="ApiAutomationProject" finished-at="2022-02-12T10:58:32 AST" duration-ms="36">
      <class name="LoginTest">
        <test-method signature="test1()[pri:0, instance:TestCase2@70a9f84e]" started-at="2022-02-12T10:58:32 AST" name="test1" finished-at="2022-02-12T10:58:32 AST" duration-ms="4" status="PASS">
          <reporter-output>
          </reporter-output>
        </test-method> <!-- test1 -->
      </class> <!-- TestCase2 -->
    </test> <!-- ApiAutomationProject -->
  </suite> <!-- Default Suite -->
</testng-results>
